<?xml version="1.0" encoding="UTF-8"?>
<testng-results skipped="0" failed="0" ignored="0" total="1" passed="1">
  <reporter-output>
  </reporter-output>
  <suite name="Suite" duration-ms="293012" started-at="2019-04-28T07:24:11Z" finished-at="2019-04-28T07:29:04Z">
    <groups>
    </groups>
    <test name="Test" duration-ms="293012" started-at="2019-04-28T07:24:11Z" finished-at="2019-04-28T07:29:04Z">
      <class name="bestbuy.Rough">
        <test-method status="PASS" signature="setup()[pri:0, instance:bestbuy.Rough@520a3426]" name="setup" duration-ms="292937" started-at="2019-04-28T07:24:11Z" finished-at="2019-04-28T07:29:04Z">
          <reporter-output>
          </reporter-output>
        </test-method> <!-- setup -->
      </class> <!-- bestbuy.Rough -->
    </test> <!-- Test -->
  </suite> <!-- Suite -->
</testng-results>
