<?xml version="1.0" encoding="UTF-8"?>
<testng-results skipped="0" failed="0" ignored="0" total="2" passed="2">
  <reporter-output>
  </reporter-output>
  <suite name="Data Driver Framework" duration-ms="6953" started-at="2019-03-31T14:57:49Z" finished-at="2019-03-31T14:57:56Z">
    <groups>
    </groups>
    <test name="bank managerloginTest" duration-ms="5343" started-at="2019-03-31T14:57:49Z" finished-at="2019-03-31T14:57:54Z">
      <class name="project.avi.testcases.BankMangerLoginTest">
        <test-method status="PASS" signature="loginbankmanger()[pri:0, instance:project.avi.testcases.BankMangerLoginTest@711f39f9]" name="loginbankmanger" duration-ms="5296" started-at="2019-03-31T20:27:49Z" finished-at="2019-03-31T20:27:54Z">
          <reporter-output>
          </reporter-output>
        </test-method> <!-- loginbankmanger -->
      </class> <!-- project.avi.testcases.BankMangerLoginTest -->
    </test> <!-- bank managerloginTest -->
    <test name="Add customerTest" duration-ms="1284" started-at="2019-03-31T14:57:55Z" finished-at="2019-03-31T14:57:56Z">
      <class name="project.avi.testcases.AddCustomerTest">
        <test-method status="PASS" signature="setup()[pri:0, instance:project.avi.testcases.AddCustomerTest@33f88ab]" name="setup" is-config="true" duration-ms="66082" started-at="2019-03-31T20:26:43Z" finished-at="2019-03-31T20:27:49Z">
          <reporter-output>
          </reporter-output>
        </test-method> <!-- setup -->
        <test-method status="PASS" signature="addcustomer()[pri:0, instance:project.avi.testcases.AddCustomerTest@33f88ab]" name="addcustomer" duration-ms="1279" started-at="2019-03-31T20:27:55Z" finished-at="2019-03-31T20:27:56Z">
          <reporter-output>
          </reporter-output>
        </test-method> <!-- addcustomer -->
        <test-method status="PASS" signature="teardown()[pri:0, instance:project.avi.testcases.AddCustomerTest@33f88ab]" name="teardown" is-config="true" duration-ms="536" started-at="2019-03-31T20:27:56Z" finished-at="2019-03-31T20:27:56Z">
          <reporter-output>
          </reporter-output>
        </test-method> <!-- teardown -->
      </class> <!-- project.avi.testcases.AddCustomerTest -->
    </test> <!-- Add customerTest -->
  </suite> <!-- Data Driver Framework -->
</testng-results>
